<?xml version="1.0" encoding="UTF-8"?>
<!-- Generated by org.testng.reporters.JUnitXMLReporter -->
<testsuite hostname="Amit" ignored="0" name="LoginTest" tests="2" failures="1" timestamp="2021-03-07T11:50:40 IST" time="0.267" errors="0">
  <testcase name="LoginByEmail" time="0.052" classname="listener.LoginTest"/>
  <testcase name="LoginByFacebook" time="0.011" classname="listener.LoginTest">
    <failure type="java.lang.AssertionError" message="expected [Kumar] but found [Amit]">
      <![CDATA[java.lang.AssertionError: expected [Kumar] but found [Amit]
at listener.LoginTest.LoginByFacebook(LoginTest.java:20)
at java.util.ArrayList.forEach(Unknown Source)
... Removed 32 stack frames]]>
    </failure>
  </testcase> <!-- LoginByFacebook -->
</testsuite> <!-- LoginTest -->
